build/outputs/logs/manifest-merger-debug-report.txt
-- Merging decision tree log ---
manifest
ADDED from Backup\HMSITelkomUniv\AndroidManifest.xml:2:1-37:12
	package
		ADDED from Backup\HMSITelkomUniv\AndroidManifest.xml:3:5-43
	android:versionName
		ADDED from Backup\HMSITelkomUniv\AndroidManifest.xml:5:5-30
	android:versionCode
		ADDED from Backup\HMSITelkomUniv\AndroidManifest.xml:4:5-28
		INJECTED from Backup\HMSITelkomUniv\AndroidManifest.xml
		INJECTED from Backup\HMSITelkomUniv\AndroidManifest.xml
	xmlns:android
		ADDED from Backup\HMSITelkomUniv\AndroidManifest.xml:2:11-69
uses-sdk
ADDED from Backup\HMSITelkomUniv\AndroidManifest.xml:7:5-9:11
	android:minSdkVersion
		ADDED from Backup\HMSITelkomUniv\AndroidManifest.xml:8:9-35
uses-permission#android.permission.INTERNET
ADDED from Backup\HMSITelkomUniv\AndroidManifest.xml:10:2-12:8
	android:name
		ADDED from Backup\HMSITelkomUniv\AndroidManifest.xml:11:6-48
application
ADDED from Backup\HMSITelkomUniv\AndroidManifest.xml:14:5-35:19
	android:label
		ADDED from Backup\HMSITelkomUniv\AndroidManifest.xml:17:9-41
	android:allowBackup
		ADDED from Backup\HMSITelkomUniv\AndroidManifest.xml:15:9-35
	android:icon
		ADDED from Backup\HMSITelkomUniv\AndroidManifest.xml:16:9-45
	android:theme
		ADDED from Backup\HMSITelkomUniv\AndroidManifest.xml:18:9-40
activity#info.androidhive.slidingmenu.MainActivity
ADDED from Backup\HMSITelkomUniv\AndroidManifest.xml:19:9-27:20
	android:label
		ADDED from Backup\HMSITelkomUniv\AndroidManifest.xml:21:13-45
	android:name
		ADDED from Backup\HMSITelkomUniv\AndroidManifest.xml:20:13-69
intent-filter#android.intent.action.MAIN+android.intent.category.LAUNCHER
ADDED from Backup\HMSITelkomUniv\AndroidManifest.xml:22:13-26:29
action#android.intent.action.MAIN
ADDED from Backup\HMSITelkomUniv\AndroidManifest.xml:23:17-69
	android:name
		ADDED from Backup\HMSITelkomUniv\AndroidManifest.xml:23:25-66
category#android.intent.category.LAUNCHER
ADDED from Backup\HMSITelkomUniv\AndroidManifest.xml:25:17-77
	android:name
		ADDED from Backup\HMSITelkomUniv\AndroidManifest.xml:25:27-74
activity#parser.AndroidXMLParsingActivity
ADDED from Backup\HMSITelkomUniv\AndroidManifest.xml:29:9-31:25
	android:name
		ADDED from Backup\HMSITelkomUniv\AndroidManifest.xml:30:13-60
activity#parser.SingleMenuItemActivity
ADDED from Backup\HMSITelkomUniv\AndroidManifest.xml:32:9-34:25
	android:name
		ADDED from Backup\HMSITelkomUniv\AndroidManifest.xml:33:13-57